<?xml version="1.0" encoding="UTF-8"?>
<testsuite xmlns:xsi="http://www.w3.org/2001/XMLSchema-instance" xsi:schemaLocation="https://maven.apache.org/surefire/maven-surefire-plugin/xsd/surefire-test-report.xsd" name="com.ing.be.tia.ListControllerTest" time="0.941" tests="4" errors="0" skipped="0" failures="4">
  <properties>
[...]
</properties>
  <testcase name="com.ing.be.tia.ListControllerTest.testGetStatus_notFound" classname="com.ing.be.tia.ListControllerTest" time="0.849">
    <failure message="Cannot invoke &quot;com.ing.be.tia.service.ListService.getStatus(String)&quot; because &quot;this.listService&quot; is null" type="java.lang.NullPointerException">java.lang.NullPointerException: Cannot invoke "com.ing.be.tia.service.ListService.getStatus(String)" because "this.listService" is null
	at com.ing.be.tia.ListControllerTest.testGetStatus_notFound(ListControllerTest.java:62)
</failure>
  </testcase>
  <testcase name="com.ing.be.tia.ListControllerTest.testBulkUpload_success" classname="com.ing.be.tia.ListControllerTest" time="0.091">
    <failure message="Cannot invoke &quot;org.springframework.test.web.servlet.MockMvc.perform(org.springframework.test.web.servlet.RequestBuilder)&quot; because &quot;this.mockMvc&quot; is null" type="java.lang.NullPointerException">java.lang.NullPointerException: Cannot invoke "org.springframework.test.web.servlet.MockMvc.perform(org.springframework.test.web.servlet.RequestBuilder)" because "this.mockMvc" is null
	at com.ing.be.tia.ListControllerTest.testBulkUpload_success(ListControllerTest.java:35)
</failure>
  </testcase>
  <testcase name="com.ing.be.tia.ListControllerTest.testGetStatus_success" classname="com.ing.be.tia.ListControllerTest" time="0">
    <failure message="Cannot invoke &quot;com.ing.be.tia.service.ListService.getStatus(String)&quot; because &quot;this.listService&quot; is null" type="java.lang.NullPointerException">java.lang.NullPointerException: Cannot invoke "com.ing.be.tia.service.ListService.getStatus(String)" because "this.listService" is null
	at com.ing.be.tia.ListControllerTest.testGetStatus_success(ListControllerTest.java:52)
</failure>
  </testcase>
  <testcase name="com.ing.be.tia.ListControllerTest.testBulkUpload_emptyFile" classname="com.ing.be.tia.ListControllerTest" time="0">
    <failure message="Cannot invoke &quot;org.springframework.test.web.servlet.MockMvc.perform(org.springframework.test.web.servlet.RequestBuilder)&quot; because &quot;this.mockMvc&quot; is null" type="java.lang.NullPointerException">java.lang.NullPointerException: Cannot invoke "org.springframework.test.web.servlet.MockMvc.perform(org.springframework.test.web.servlet.RequestBuilder)" because "this.mockMvc" is null
	at com.ing.be.tia.ListControllerTest.testBulkUpload_emptyFile(ListControllerTest.java:45)
</failure>
  </testcase>
</testsuite>